Using pre-set license
Built from '2020.2/release' branch; Version is '2020.2.2f1 (068178b99f32) revision 426360'; Using compiler version '192528614'; Build Type 'Release'
OS: 'Windows 10 Enterprise; OS build 19042.1052; Version 2009; 64bit' Language: 'en' Physical Memory: 16318 MB
BatchMode: 1, IsHumanControllingUs: 0, StartBugReporterOnCrash: 0, Is64bit: 1, IsPro: 0

 COMMAND LINE ARGUMENTS:
D:\games\unity\2020.2.2f1\Editor\Unity.exe
-adb2
-batchMode
-noUpm
-name
AssetImportWorker0
-projectPath
D:/github/SmartAI
-logFile
Logs/AssetImportWorker0.log
-srvPort
52697
Successfully changed project path to: D:/github/SmartAI
D:/github/SmartAI
Using Asset Import Pipeline V2.
Refreshing native plugins compatible for Editor in 22.78 ms, found 0 plugins.
Preloading 0 native plugins for Editor in 0.00 ms.
Initialize engine version: 2020.2.2f1 (068178b99f32)
[Subsystems] Discovering subsystems at path D:/games/unity/2020.2.2f1/Editor/Data/Resources/UnitySubsystems
[Subsystems] Discovering subsystems at path D:/github/SmartAI/Assets
GfxDevice: creating device client; threaded=0
Direct3D:
    Version:  Direct3D 11.0 [level 11.1]
    Renderer: NVIDIA GeForce RTX 2070 (ID=0x1f02)
    Vendor:   
    VRAM:     8031 MB
    Driver:   27.21.14.5671
Initialize mono
Mono path[0] = 'D:/games/unity/2020.2.2f1/Editor/Data/Managed'
Mono path[1] = 'D:/games/unity/2020.2.2f1/Editor/Data/MonoBleedingEdge/lib/mono/unityjit'
Mono config path = 'D:/games/unity/2020.2.2f1/Editor/Data/MonoBleedingEdge/etc'
Using monoOptions --debugger-agent=transport=dt_socket,embedding=1,server=y,suspend=n,address=127.0.0.1:56092
Begin MonoManager ReloadAssembly
Registering precompiled unity dll's ...
Register platform support module: D:/games/unity/2020.2.2f1/Editor/Data/PlaybackEngines/WindowsStandaloneSupport/UnityEditor.WindowsStandalone.Extensions.dll
Registered in 0.000712 seconds.
Native extension for WindowsStandalone target not found
Refreshing native plugins compatible for Editor in 19.03 ms, found 0 plugins.
Preloading 0 native plugins for Editor in 0.00 ms.
Invoked RoslynAnalysisRunner static constructor.
RoslynAnalysisRunner will not be running.
RoslynAnalysisRunner has terminated.
Mono: successfully reloaded assembly
- Completed reload, in  0.603 seconds
Platform modules already initialized, skipping
Registering precompiled user dll's ...
Registered in 0.000410 seconds.
Begin MonoManager ReloadAssembly
Native extension for WindowsStandalone target not found
Refreshing native plugins compatible for Editor in 0.20 ms, found 0 plugins.
Preloading 0 native plugins for Editor in 0.00 ms.
Invoked RoslynAnalysisRunner static constructor.
RoslynAnalysisRunner will not be running.
RoslynAnalysisRunner has terminated.
Mono: successfully reloaded assembly
- Completed reload, in  0.586 seconds
Platform modules already initialized, skipping
========================================================================
Worker process is ready to serve import requests
Launched and connected shader compiler UnityShaderCompiler.exe after 0.03 seconds
Refreshing native plugins compatible for Editor in 0.19 ms, found 0 plugins.
Preloading 0 native plugins for Editor in 0.00 ms.
Unloading 1141 Unused Serialized files (Serialized files now loaded: 0)
System memory in use before: 71.9 MB.
System memory in use after: 72.0 MB.

Unloading 8 unused Assets to reduce memory usage. Loaded Objects now: 1605.
Total: 1.337800 ms (FindLiveObjects: 0.150500 ms CreateObjectMapping: 0.052300 ms MarkObjects: 1.109800 ms  DeleteObjects: 0.024100 ms)

========================================================================
Received Import Request.
  path: Assets/Scenes/menu.unity
  artifactKey: Guid(684b9c35d34788744b4c6c7a4e174ce6) Importer(815301076,1909f56bfc062723c751e8b465ee728b)
Start importing Assets/Scenes/menu.unity using Guid(684b9c35d34788744b4c6c7a4e174ce6) Importer(815301076,1909f56bfc062723c751e8b465ee728b)  -> (artifact id: '87a38d00c5ec546defe59293c3287c98') in 0.011711 seconds
  Import took 0.013347 seconds .

========================================================================
Received Import Request.
  Time since last request: 55.566930 seconds.
  path: Assets/Scenes/SmartAI.unity
  artifactKey: Guid(2397d140d4b7dab4f93ef34c85820186) Importer(815301076,1909f56bfc062723c751e8b465ee728b)
Start importing Assets/Scenes/SmartAI.unity using Guid(2397d140d4b7dab4f93ef34c85820186) Importer(815301076,1909f56bfc062723c751e8b465ee728b)  -> (artifact id: '6937f92e32a63725ce52aa970eb6334f') in 0.004616 seconds
  Import took 0.006142 seconds .

========================================================================
Received Import Request.
  Time since last request: 0.005602 seconds.
  path: Assets/Scenes/SmartAI.unity
  artifactKey: Guid(2397d140d4b7dab4f93ef34c85820186) Importer(815301076,1909f56bfc062723c751e8b465ee728b)
Start importing Assets/Scenes/SmartAI.unity using Guid(2397d140d4b7dab4f93ef34c85820186) Importer(815301076,1909f56bfc062723c751e8b465ee728b)  -> (artifact id: '6937f92e32a63725ce52aa970eb6334f') in 0.001477 seconds
  Import took 0.003112 seconds .

========================================================================
Received Import Request.
  Time since last request: 211.001144 seconds.
  path: Assets/Kevin Iglesias/3DCharacterDummy
  artifactKey: Guid(bbded66f86604884c9cc35ba69d3b2fc) Importer(815301076,1909f56bfc062723c751e8b465ee728b)
Start importing Assets/Kevin Iglesias/3DCharacterDummy using Guid(bbded66f86604884c9cc35ba69d3b2fc) Importer(815301076,1909f56bfc062723c751e8b465ee728b)  -> (artifact id: '16e6104c4446d8886a0a09a19d77f972') in 0.005139 seconds
  Import took 0.508491 seconds .

========================================================================
Received Import Request.
  Time since last request: 2.493476 seconds.
  path: Assets/Kevin Iglesias/3DCharacterDummy/Prefabs
  artifactKey: Guid(b5fa5aa268edb8f438b6dbcb54e59cd6) Importer(815301076,1909f56bfc062723c751e8b465ee728b)
Start importing Assets/Kevin Iglesias/3DCharacterDummy/Prefabs using Guid(b5fa5aa268edb8f438b6dbcb54e59cd6) Importer(815301076,1909f56bfc062723c751e8b465ee728b)  -> (artifact id: 'daef95d770a384e347a694070d4ba794') in 0.004786 seconds
  Import took 0.018596 seconds .

========================================================================
Received Import Request.
  Time since last request: 0.028505 seconds.
  path: Assets/Kevin Iglesias/3DCharacterDummy/Prefabs/FemaleDummy.prefab
  artifactKey: Guid(ef692d625a130534ab152b65fe91a77b) Importer(815301076,1909f56bfc062723c751e8b465ee728b)
Start importing Assets/Kevin Iglesias/3DCharacterDummy/Prefabs/FemaleDummy.prefab using Guid(ef692d625a130534ab152b65fe91a77b) Importer(815301076,1909f56bfc062723c751e8b465ee728b)  -> (artifact id: 'a968a30731b22f813a81c953c268e442') in 0.201692 seconds
  Import took 0.216484 seconds .

========================================================================
Received Import Request.
  Time since last request: 0.000240 seconds.
  path: Assets/Kevin Iglesias/3DCharacterDummy/Prefabs/MaleDummy.prefab
  artifactKey: Guid(34115fd4eff069845a47d22ce756724e) Importer(815301076,1909f56bfc062723c751e8b465ee728b)
Start importing Assets/Kevin Iglesias/3DCharacterDummy/Prefabs/MaleDummy.prefab using Guid(34115fd4eff069845a47d22ce756724e) Importer(815301076,1909f56bfc062723c751e8b465ee728b)  -> (artifact id: 'e392f899af4c70d86d1878a3f570559e') in 0.028120 seconds
  Import took 0.040791 seconds .

========================================================================
Received Prepare
Registering precompiled user dll's ...
Registered in 0.000470 seconds.
Begin MonoManager ReloadAssembly
Native extension for WindowsStandalone target not found
Refreshing native plugins compatible for Editor in 0.19 ms, found 0 plugins.
Preloading 0 native plugins for Editor in 0.00 ms.
Invoked RoslynAnalysisRunner static constructor.
RoslynAnalysisRunner will not be running.
RoslynAnalysisRunner has terminated.
Mono: successfully reloaded assembly
- Completed reload, in  0.542 seconds
Platform modules already initialized, skipping
Refreshing native plugins compatible for Editor in 0.22 ms, found 0 plugins.
Preloading 0 native plugins for Editor in 0.00 ms.
Unloading 1123 Unused Serialized files (Serialized files now loaded: 0)
System memory in use before: 85.4 MB.
System memory in use after: 85.5 MB.

Unloading 4 unused Assets to reduce memory usage. Loaded Objects now: 1615.
Total: 1.365900 ms (FindLiveObjects: 0.111700 ms CreateObjectMapping: 0.026200 ms MarkObjects: 1.215400 ms  DeleteObjects: 0.011600 ms)

========================================================================
Received Import Request.
  Time since last request: 152.330200 seconds.
  path: Assets/Kevin Iglesias/Basic Motions
  artifactKey: Guid(2cb279c410b7a3e4dbf4aab42283effa) Importer(815301076,1909f56bfc062723c751e8b465ee728b)
Start importing Assets/Kevin Iglesias/Basic Motions using Guid(2cb279c410b7a3e4dbf4aab42283effa) Importer(815301076,1909f56bfc062723c751e8b465ee728b)  -> (artifact id: '44121f62827c1ae8ae4ca123884b4704') in 0.007156 seconds
  Import took 0.034057 seconds .

========================================================================
Received Import Request.
  Time since last request: 5.450196 seconds.
  path: Assets/Kevin Iglesias/Basic Motions/Animations
  artifactKey: Guid(7eb11f9df068c2b45bc52cfc0d6e3f25) Importer(815301076,1909f56bfc062723c751e8b465ee728b)
Start importing Assets/Kevin Iglesias/Basic Motions/Animations using Guid(7eb11f9df068c2b45bc52cfc0d6e3f25) Importer(815301076,1909f56bfc062723c751e8b465ee728b)  -> (artifact id: '178e5868c1a45bae4d400ea2bc70e785') in 0.004794 seconds
  Import took 0.011941 seconds .

========================================================================
Received Import Request.
  Time since last request: 1.545866 seconds.
  path: Assets/Kevin Iglesias/Basic Motions/Animations/Movement
  artifactKey: Guid(162d3c986ae81044b8e9de5caae05de1) Importer(815301076,1909f56bfc062723c751e8b465ee728b)
Start importing Assets/Kevin Iglesias/Basic Motions/Animations/Movement using Guid(162d3c986ae81044b8e9de5caae05de1) Importer(815301076,1909f56bfc062723c751e8b465ee728b)  -> (artifact id: '838b4f16e6ec835c825db84e52f81443') in 0.004823 seconds
  Import took 0.017179 seconds .

========================================================================
Received Import Request.
  Time since last request: 0.071593 seconds.
  path: Assets/Kevin Iglesias/Basic Motions/Animations/Movement/BasicMotions@Jump01.fbx
  artifactKey: Guid(067cc188e25b78b4a940a9fa67cd6ee7) Importer(815301076,1909f56bfc062723c751e8b465ee728b)
Start importing Assets/Kevin Iglesias/Basic Motions/Animations/Movement/BasicMotions@Jump01.fbx using Guid(067cc188e25b78b4a940a9fa67cd6ee7) Importer(815301076,1909f56bfc062723c751e8b465ee728b)  -> (artifact id: 'e939c3f816a933e27187a2f7527a4d13') in 0.073671 seconds
  Import took 0.095992 seconds .

========================================================================
Received Import Request.
  Time since last request: 0.000225 seconds.
  path: Assets/Kevin Iglesias/Basic Motions/Animations/Movement/BasicMotions@Walk01 [RM].fbx
  artifactKey: Guid(bd1c2e9064da28e4fb0fe4a3f6ff4e33) Importer(815301076,1909f56bfc062723c751e8b465ee728b)
Start importing Assets/Kevin Iglesias/Basic Motions/Animations/Movement/BasicMotions@Walk01 [RM].fbx using Guid(bd1c2e9064da28e4fb0fe4a3f6ff4e33) Importer(815301076,1909f56bfc062723c751e8b465ee728b)  -> (artifact id: '1f807d80eed619d542ade419ed086e09') in 0.042959 seconds
  Import took 0.057331 seconds .

========================================================================
Received Import Request.
  Time since last request: 0.000231 seconds.
  path: Assets/Kevin Iglesias/Basic Motions/Animations/Movement/BasicMotions@Walk01.fbx
  artifactKey: Guid(0536f044bd409ff419dd726bc69d2676) Importer(815301076,1909f56bfc062723c751e8b465ee728b)
Start importing Assets/Kevin Iglesias/Basic Motions/Animations/Movement/BasicMotions@Walk01.fbx using Guid(0536f044bd409ff419dd726bc69d2676) Importer(815301076,1909f56bfc062723c751e8b465ee728b)  -> (artifact id: '5559ae8e0ef89545c903510df938a395') in 0.036029 seconds
  Import took 0.052491 seconds .

========================================================================
Received Import Request.
  Time since last request: 0.000229 seconds.
  path: Assets/Kevin Iglesias/Basic Motions/Animations/Movement/BasicMotions@Run01 [RM].fbx
  artifactKey: Guid(154a724602422044c91070a5f3c67c11) Importer(815301076,1909f56bfc062723c751e8b465ee728b)
Start importing Assets/Kevin Iglesias/Basic Motions/Animations/Movement/BasicMotions@Run01 [RM].fbx using Guid(154a724602422044c91070a5f3c67c11) Importer(815301076,1909f56bfc062723c751e8b465ee728b)  -> (artifact id: '07860d02a7eb97f2a9912579d4ef9942') in 0.045149 seconds
  Import took 0.067878 seconds .

========================================================================
Received Import Request.
  Time since last request: 0.000235 seconds.
  path: Assets/Kevin Iglesias/Basic Motions/Animations/Movement/BasicMotions@Sprint01 [RM].fbx
  artifactKey: Guid(7eebd174ff53112419b27f9d903573d7) Importer(815301076,1909f56bfc062723c751e8b465ee728b)
Start importing Assets/Kevin Iglesias/Basic Motions/Animations/Movement/BasicMotions@Sprint01 [RM].fbx using Guid(7eebd174ff53112419b27f9d903573d7) Importer(815301076,1909f56bfc062723c751e8b465ee728b)  -> (artifact id: 'fe85de940377259798c08956b1012d4e') in 0.033625 seconds
  Import took 0.043877 seconds .

========================================================================
Received Import Request.
  Time since last request: 0.000218 seconds.
  path: Assets/Kevin Iglesias/Basic Motions/Animations/Movement/BasicMotions@Sprint01.fbx
  artifactKey: Guid(98d8219075968bd43b75fdba6b4463d3) Importer(815301076,1909f56bfc062723c751e8b465ee728b)
Start importing Assets/Kevin Iglesias/Basic Motions/Animations/Movement/BasicMotions@Sprint01.fbx using Guid(98d8219075968bd43b75fdba6b4463d3) Importer(815301076,1909f56bfc062723c751e8b465ee728b)  -> (artifact id: '981a19c762c81e50c8993f14f7706144') in 0.013897 seconds
  Import took 0.027960 seconds .

========================================================================
Received Import Request.
  Time since last request: 0.000229 seconds.
  path: Assets/Kevin Iglesias/Basic Motions/Animations/Movement/BasicMotions@Run01.fbx
  artifactKey: Guid(46d5b47e60163f148ada32ff97c7aa32) Importer(815301076,1909f56bfc062723c751e8b465ee728b)
Start importing Assets/Kevin Iglesias/Basic Motions/Animations/Movement/BasicMotions@Run01.fbx using Guid(46d5b47e60163f148ada32ff97c7aa32) Importer(815301076,1909f56bfc062723c751e8b465ee728b)  -> (artifact id: 'db35d19936ad28ae450d22bdf761b00c') in 0.040083 seconds
  Import took 0.041922 seconds .

