Using pre-set license
Built from '2020.2/release' branch; Version is '2020.2.2f1 (068178b99f32) revision 426360'; Using compiler version '192528614'; Build Type 'Release'
OS: 'Windows 10 Enterprise; OS build 19042.1052; Version 2009; 64bit' Language: 'en' Physical Memory: 16318 MB
BatchMode: 1, IsHumanControllingUs: 0, StartBugReporterOnCrash: 0, Is64bit: 1, IsPro: 0

 COMMAND LINE ARGUMENTS:
D:\games\unity\2020.2.2f1\Editor\Unity.exe
-adb2
-batchMode
-noUpm
-name
AssetImportWorker0
-projectPath
D:/github/SmartAI
-logFile
Logs/AssetImportWorker0.log
-srvPort
60525
Successfully changed project path to: D:/github/SmartAI
D:/github/SmartAI
Using Asset Import Pipeline V2.
Refreshing native plugins compatible for Editor in 18.43 ms, found 0 plugins.
Preloading 0 native plugins for Editor in 0.00 ms.
Initialize engine version: 2020.2.2f1 (068178b99f32)
[Subsystems] Discovering subsystems at path D:/games/unity/2020.2.2f1/Editor/Data/Resources/UnitySubsystems
[Subsystems] Discovering subsystems at path D:/github/SmartAI/Assets
GfxDevice: creating device client; threaded=0
Direct3D:
    Version:  Direct3D 11.0 [level 11.1]
    Renderer: NVIDIA GeForce RTX 2070 (ID=0x1f02)
    Vendor:   
    VRAM:     8031 MB
    Driver:   27.21.14.5671
Initialize mono
Mono path[0] = 'D:/games/unity/2020.2.2f1/Editor/Data/Managed'
Mono path[1] = 'D:/games/unity/2020.2.2f1/Editor/Data/MonoBleedingEdge/lib/mono/unityjit'
Mono config path = 'D:/games/unity/2020.2.2f1/Editor/Data/MonoBleedingEdge/etc'
Using monoOptions --debugger-agent=transport=dt_socket,embedding=1,server=y,suspend=n,address=127.0.0.1:56648
Begin MonoManager ReloadAssembly
Registering precompiled unity dll's ...
Register platform support module: D:/games/unity/2020.2.2f1/Editor/Data/PlaybackEngines/WindowsStandaloneSupport/UnityEditor.WindowsStandalone.Extensions.dll
Registered in 0.000667 seconds.
Native extension for WindowsStandalone target not found
Refreshing native plugins compatible for Editor in 20.09 ms, found 0 plugins.
Preloading 0 native plugins for Editor in 0.00 ms.
Invoked RoslynAnalysisRunner static constructor.
RoslynAnalysisRunner will not be running.
RoslynAnalysisRunner has terminated.
Mono: successfully reloaded assembly
- Completed reload, in  0.607 seconds
Platform modules already initialized, skipping
Registering precompiled user dll's ...
Registered in 0.000380 seconds.
Begin MonoManager ReloadAssembly
Native extension for WindowsStandalone target not found
Refreshing native plugins compatible for Editor in 0.23 ms, found 0 plugins.
Preloading 0 native plugins for Editor in 0.00 ms.
Invoked RoslynAnalysisRunner static constructor.
RoslynAnalysisRunner will not be running.
RoslynAnalysisRunner has terminated.
Mono: successfully reloaded assembly
- Completed reload, in  0.617 seconds
Platform modules already initialized, skipping
========================================================================
Worker process is ready to serve import requests
Launched and connected shader compiler UnityShaderCompiler.exe after 0.07 seconds
Refreshing native plugins compatible for Editor in 0.20 ms, found 0 plugins.
Preloading 0 native plugins for Editor in 0.00 ms.
Unloading 1141 Unused Serialized files (Serialized files now loaded: 0)
System memory in use before: 71.9 MB.
System memory in use after: 72.0 MB.

Unloading 8 unused Assets to reduce memory usage. Loaded Objects now: 1605.
Total: 1.440900 ms (FindLiveObjects: 0.116800 ms CreateObjectMapping: 0.033200 ms MarkObjects: 1.269400 ms  DeleteObjects: 0.020500 ms)

========================================================================
Received Prepare
Refreshing native plugins compatible for Editor in 0.53 ms, found 0 plugins.
Preloading 0 native plugins for Editor in 0.00 ms.
Unloading 3 Unused Serialized files (Serialized files now loaded: 0)
System memory in use before: 48.9 MB.
System memory in use after: 49.0 MB.

Unloading 2 unused Assets to reduce memory usage. Loaded Objects now: 1605.
Total: 1.798100 ms (FindLiveObjects: 0.128900 ms CreateObjectMapping: 0.033100 ms MarkObjects: 1.622200 ms  DeleteObjects: 0.012800 ms)

========================================================================
Received Import Request.
  path: Assets/Scripts/PauseMenu.cs
  artifactKey: Guid(1a7f55adc56a6c64aabd5549631565a7) Importer(815301076,1909f56bfc062723c751e8b465ee728b)
Start importing Assets/Scripts/PauseMenu.cs using Guid(1a7f55adc56a6c64aabd5549631565a7) Importer(815301076,1909f56bfc062723c751e8b465ee728b)  -> (artifact id: 'df46691ed33e94ff551cdd25d43fe1d4') in 0.035517 seconds
  Import took 0.053910 seconds .

========================================================================
Received Prepare
Registering precompiled user dll's ...
Registered in 0.000279 seconds.
Begin MonoManager ReloadAssembly
Native extension for WindowsStandalone target not found
Refreshing native plugins compatible for Editor in 0.20 ms, found 0 plugins.
Preloading 0 native plugins for Editor in 0.00 ms.
Invoked RoslynAnalysisRunner static constructor.
RoslynAnalysisRunner will not be running.
RoslynAnalysisRunner has terminated.
Mono: successfully reloaded assembly
- Completed reload, in  0.554 seconds
Platform modules already initialized, skipping
Refreshing native plugins compatible for Editor in 0.22 ms, found 0 plugins.
Preloading 0 native plugins for Editor in 0.00 ms.
Unloading 1123 Unused Serialized files (Serialized files now loaded: 0)
System memory in use before: 72.0 MB.
System memory in use after: 72.1 MB.

Unloading 4 unused Assets to reduce memory usage. Loaded Objects now: 1607.
Total: 1.209800 ms (FindLiveObjects: 0.130700 ms CreateObjectMapping: 0.032900 ms MarkObjects: 1.033800 ms  DeleteObjects: 0.011500 ms)

========================================================================
Received Prepare
Registering precompiled user dll's ...
Registered in 0.000323 seconds.
Begin MonoManager ReloadAssembly
Native extension for WindowsStandalone target not found
Refreshing native plugins compatible for Editor in 0.19 ms, found 0 plugins.
Preloading 0 native plugins for Editor in 0.00 ms.
Invoked RoslynAnalysisRunner static constructor.
RoslynAnalysisRunner will not be running.
RoslynAnalysisRunner has terminated.
Mono: successfully reloaded assembly
- Completed reload, in  0.536 seconds
Platform modules already initialized, skipping
Refreshing native plugins compatible for Editor in 0.20 ms, found 0 plugins.
Preloading 0 native plugins for Editor in 0.00 ms.
Unloading 1123 Unused Serialized files (Serialized files now loaded: 0)
System memory in use before: 72.3 MB.
System memory in use after: 72.4 MB.

Unloading 4 unused Assets to reduce memory usage. Loaded Objects now: 1609.
Total: 1.470400 ms (FindLiveObjects: 0.151300 ms CreateObjectMapping: 0.035600 ms MarkObjects: 1.262300 ms  DeleteObjects: 0.019200 ms)

========================================================================
Received Prepare
Registering precompiled user dll's ...
Registered in 0.000298 seconds.
Begin MonoManager ReloadAssembly
Native extension for WindowsStandalone target not found
Refreshing native plugins compatible for Editor in 0.19 ms, found 0 plugins.
Preloading 0 native plugins for Editor in 0.00 ms.
Invoked RoslynAnalysisRunner static constructor.
RoslynAnalysisRunner will not be running.
RoslynAnalysisRunner has terminated.
Mono: successfully reloaded assembly
- Completed reload, in  0.530 seconds
Platform modules already initialized, skipping
Refreshing native plugins compatible for Editor in 0.19 ms, found 0 plugins.
Preloading 0 native plugins for Editor in 0.00 ms.
Unloading 1123 Unused Serialized files (Serialized files now loaded: 0)
System memory in use before: 72.2 MB.
System memory in use after: 72.3 MB.

Unloading 4 unused Assets to reduce memory usage. Loaded Objects now: 1611.
Total: 1.364400 ms (FindLiveObjects: 0.187300 ms CreateObjectMapping: 0.052500 ms MarkObjects: 1.111200 ms  DeleteObjects: 0.012500 ms)

========================================================================
Received Import Request.
  Time since last request: 242.663927 seconds.
  path: Assets/Scripts/PauseMenu.cs
  artifactKey: Guid(1a7f55adc56a6c64aabd5549631565a7) Importer(815301076,1909f56bfc062723c751e8b465ee728b)
Start importing Assets/Scripts/PauseMenu.cs using Guid(1a7f55adc56a6c64aabd5549631565a7) Importer(815301076,1909f56bfc062723c751e8b465ee728b)  -> (artifact id: '79c4dc9e0cea5a87e3613d9421780744') in 0.002997 seconds
  Import took 0.004545 seconds .

========================================================================
Received Import Request.
  Time since last request: 0.002451 seconds.
  path: Assets/Scripts/PauseMenu.cs
  artifactKey: Guid(1a7f55adc56a6c64aabd5549631565a7) Importer(815301076,1909f56bfc062723c751e8b465ee728b)
Start importing Assets/Scripts/PauseMenu.cs using Guid(1a7f55adc56a6c64aabd5549631565a7) Importer(815301076,1909f56bfc062723c751e8b465ee728b)  -> (artifact id: '79c4dc9e0cea5a87e3613d9421780744') in 0.001225 seconds
  Import took 0.002872 seconds .

========================================================================
Received Prepare
Registering precompiled user dll's ...
Registered in 0.000369 seconds.
Begin MonoManager ReloadAssembly
Native extension for WindowsStandalone target not found
Refreshing native plugins compatible for Editor in 0.19 ms, found 0 plugins.
Preloading 0 native plugins for Editor in 0.00 ms.
Invoked RoslynAnalysisRunner static constructor.
RoslynAnalysisRunner will not be running.
RoslynAnalysisRunner has terminated.
Mono: successfully reloaded assembly
- Completed reload, in  0.535 seconds
Platform modules already initialized, skipping
Refreshing native plugins compatible for Editor in 0.21 ms, found 0 plugins.
Preloading 0 native plugins for Editor in 0.00 ms.
Unloading 1123 Unused Serialized files (Serialized files now loaded: 0)
System memory in use before: 72.3 MB.
System memory in use after: 72.4 MB.

Unloading 4 unused Assets to reduce memory usage. Loaded Objects now: 1613.
Total: 1.701300 ms (FindLiveObjects: 0.136200 ms CreateObjectMapping: 0.034900 ms MarkObjects: 1.516100 ms  DeleteObjects: 0.012900 ms)

========================================================================
Received Import Request.
  Time since last request: 82.133589 seconds.
  path: Assets/Scripts/StaatesMachines.cs
  artifactKey: Guid(ac1ea8a1123f9ea48b68d80e744a7bd3) Importer(815301076,1909f56bfc062723c751e8b465ee728b)
Start importing Assets/Scripts/StaatesMachines.cs using Guid(ac1ea8a1123f9ea48b68d80e744a7bd3) Importer(815301076,1909f56bfc062723c751e8b465ee728b)  -> (artifact id: 'c43ad5e8160f90c585d1bf60d57051d4') in 0.005836 seconds
  Import took 0.007333 seconds .

========================================================================
Received Import Request.
  Time since last request: 0.019064 seconds.
  path: Assets/Scripts/StaatesMachines.cs
  artifactKey: Guid(ac1ea8a1123f9ea48b68d80e744a7bd3) Importer(815301076,1909f56bfc062723c751e8b465ee728b)
Start importing Assets/Scripts/StaatesMachines.cs using Guid(ac1ea8a1123f9ea48b68d80e744a7bd3) Importer(815301076,1909f56bfc062723c751e8b465ee728b)  -> (artifact id: 'c43ad5e8160f90c585d1bf60d57051d4') in 0.001245 seconds
  Import took 0.002690 seconds .

========================================================================
Received Prepare
Registering precompiled user dll's ...
Registered in 0.000445 seconds.
Begin MonoManager ReloadAssembly
Native extension for WindowsStandalone target not found
Refreshing native plugins compatible for Editor in 0.19 ms, found 0 plugins.
Preloading 0 native plugins for Editor in 0.00 ms.
Invoked RoslynAnalysisRunner static constructor.
RoslynAnalysisRunner will not be running.
RoslynAnalysisRunner has terminated.
Mono: successfully reloaded assembly
- Completed reload, in  0.544 seconds
Platform modules already initialized, skipping
Refreshing native plugins compatible for Editor in 0.19 ms, found 0 plugins.
Preloading 0 native plugins for Editor in 0.00 ms.
Unloading 1123 Unused Serialized files (Serialized files now loaded: 0)
System memory in use before: 72.3 MB.
System memory in use after: 72.4 MB.

Unloading 4 unused Assets to reduce memory usage. Loaded Objects now: 1615.
Total: 1.540000 ms (FindLiveObjects: 0.127800 ms CreateObjectMapping: 0.026400 ms MarkObjects: 1.374700 ms  DeleteObjects: 0.010400 ms)

========================================================================
Received Import Request.
  Time since last request: 196.650108 seconds.
  path: Assets/Scripts/StaatesMachines.cs
  artifactKey: Guid(ac1ea8a1123f9ea48b68d80e744a7bd3) Importer(815301076,1909f56bfc062723c751e8b465ee728b)
Start importing Assets/Scripts/StaatesMachines.cs using Guid(ac1ea8a1123f9ea48b68d80e744a7bd3) Importer(815301076,1909f56bfc062723c751e8b465ee728b)  -> (artifact id: '782dba78c93927dc42f2ea6bb429c465') in 0.002858 seconds
  Import took 0.004789 seconds .

========================================================================
Received Import Request.
  Time since last request: 0.426567 seconds.
  path: Assets/Scripts/DoorMove.cs
  artifactKey: Guid(1bc90ab7c63adcf45b5dbc1cf592962e) Importer(815301076,1909f56bfc062723c751e8b465ee728b)
Start importing Assets/Scripts/DoorMove.cs using Guid(1bc90ab7c63adcf45b5dbc1cf592962e) Importer(815301076,1909f56bfc062723c751e8b465ee728b)  -> (artifact id: 'acbe1a8b88beaf0b1f9c2be4c33a851b') in 0.004678 seconds
  Import took 0.006207 seconds .

========================================================================
Received Import Request.
  Time since last request: 0.001710 seconds.
  path: Assets/Scripts/DoorMove.cs
  artifactKey: Guid(1bc90ab7c63adcf45b5dbc1cf592962e) Importer(815301076,1909f56bfc062723c751e8b465ee728b)
Start importing Assets/Scripts/DoorMove.cs using Guid(1bc90ab7c63adcf45b5dbc1cf592962e) Importer(815301076,1909f56bfc062723c751e8b465ee728b)  -> (artifact id: 'acbe1a8b88beaf0b1f9c2be4c33a851b') in 0.001165 seconds
  Import took 0.002608 seconds .

========================================================================
Received Prepare
Registering precompiled user dll's ...
Registered in 0.000386 seconds.
Begin MonoManager ReloadAssembly
Native extension for WindowsStandalone target not found
Refreshing native plugins compatible for Editor in 0.19 ms, found 0 plugins.
Preloading 0 native plugins for Editor in 0.00 ms.
Invoked RoslynAnalysisRunner static constructor.
RoslynAnalysisRunner will not be running.
RoslynAnalysisRunner has terminated.
Mono: successfully reloaded assembly
- Completed reload, in  0.544 seconds
Platform modules already initialized, skipping
Refreshing native plugins compatible for Editor in 0.19 ms, found 0 plugins.
Preloading 0 native plugins for Editor in 0.00 ms.
Unloading 1123 Unused Serialized files (Serialized files now loaded: 0)
System memory in use before: 71.9 MB.
System memory in use after: 72.0 MB.

Unloading 4 unused Assets to reduce memory usage. Loaded Objects now: 1617.
Total: 1.437100 ms (FindLiveObjects: 0.143200 ms CreateObjectMapping: 0.037400 ms MarkObjects: 1.241100 ms  DeleteObjects: 0.014000 ms)

========================================================================
Received Prepare
Refreshing native plugins compatible for Editor in 0.47 ms, found 0 plugins.
Preloading 0 native plugins for Editor in 0.00 ms.
Unloading 3 Unused Serialized files (Serialized files now loaded: 0)
System memory in use before: 50.1 MB.
System memory in use after: 50.2 MB.

Unloading 2 unused Assets to reduce memory usage. Loaded Objects now: 1617.
Total: 1.316300 ms (FindLiveObjects: 0.132900 ms CreateObjectMapping: 0.032900 ms MarkObjects: 1.138800 ms  DeleteObjects: 0.010700 ms)

AssetImportWorkerClient::OnTransportError - code=2 error=End of file
